#
# A fatal error has been detected by the Java Runtime Environment:
#
#  Internal Error (./open/src/hotspot/share/interpreter/oopMapCache.cpp:111), pid=17496, tid=10100
#  Error: ShouldNotReachHere()
#
# JRE version: Java(TM) SE Runtime Environment (14.0.1+7) (build 14.0.1+7)
# Java VM: Java HotSpot(TM) 64-Bit Server VM (14.0.1+7, mixed mode, sharing, tiered, compressed oops, g1 gc, windows-amd64)
# No core dump will be written. Minidumps are not enabled by default on client versions of Windows
#
# If you would like to submit a bug report, please visit:
#   https://bugreport.java.com/bugreport/crash.jsp
#

---------------  S U M M A R Y ------------

Command Line: -agentlib:jdwp=transport=dt_socket,suspend=y,address=localhost:52506 -ea --add-opens=JWikiCore/dev.cheulsoon.jwikicore.test=org.junit.platform.commons,ALL-UNNAMED -javaagent:C:\Users\qorcj\eclipse\java-2020-06\eclipse\configuration\org.eclipse.osgi\222\0\.cp\lib\javaagent-shaded.jar --add-modules=ALL-MODULE-PATH -Dfile.encoding=MS949 --module-path=C:\Users\qorcj\eclipse-workspace\JWikiCore\bin;C:\Users\qorcj\.p2\pool\plugins\org.junit.jupiter.api_5.6.0.v20200203-2009.jar;C:\Users\qorcj\.p2\pool\plugins\org.junit.jupiter.engine_5.6.0.v20200203-2009.jar;C:\Users\qorcj\.p2\pool\plugins\org.junit.jupiter.migrationsupport_5.6.0.v20200203-2009.jar;C:\Users\qorcj\.p2\pool\plugins\org.junit.jupiter.params_5.6.0.v20200203-2009.jar;C:\Users\qorcj\.p2\pool\plugins\org.junit.platform.commons_1.6.0.v20200203-2009.jar;C:\Users\qorcj\.p2\pool\plugins\org.junit.platform.engine_1.6.0.v20200203-2009.jar;C:\Users\qorcj\.p2\pool\plugins\org.junit.platform.launcher_1.6.0.v20200203-2009.jar;C:\Users\qorcj\.p2\pool\plugins\org.junit.platform.runner_1.6.0.v20200203-2009.jar;C:\Users\qorcj\.p2\pool\plugins\org.junit.platform.suite.api_1.6.0.v20200203-2009.jar;C:\Users\qorcj\.p2\pool\plugins\org.junit.vintage.engine_5.6.0.v20200203-2009.jar;C:\Users\qorcj\.p2\pool\plugins\org.opentest4j_1.2.0.v20190826-0900.jar;C:\Users\qorcj\.p2\pool\plugins\org.apiguardian_1.1.0.v20190826-0900.jar;C:\Users\qorcj\.p2\pool\plugins\org.junit_4.13.0.v20200204-1500.jar;C:\Users\qorcj\.p2\pool\plugins\org.hamcrest.core_1.3.0.v20180420-1519.jar org.eclipse.jdt.internal.junit.runner.RemoteTestRunner -version 3 -port 52505 -testLoaderClass org.eclipse.jdt.internal.junit5.runner.JUnit5TestLoader -loaderpluginname org.eclipse.jdt.junit5.runtime -test dev.cheulsoon.jwikicore.test.WikiTest:testRenderer

Host: Intel(R) Core(TM) i7-8750H CPU @ 2.20GHz, 12 cores, 15G,  Windows 10 , 64 bit Build 18362 (10.0.18362.900)
Time: Wed Jul  8 18:13:32 2020 ¥ì¢¯¨¬I AI¡¾¢´ Ay¨úa ¨öA¡Æ¡Ì elapsed time: 65 seconds (0d 0h 1m 5s)

---------------  T H R E A D  ---------------

Current thread (0x0000028bcbbeb000):  JavaThread "JDWP Transport Listener: dt_socket" daemon [_thread_in_vm, id=10100, stack(0x000000edf1500000,0x000000edf1600000)] _threads_hazard_ptr=0x0000028bcbaf8c20

Stack: [0x000000edf1500000,0x000000edf1600000]
Native frames: (J=compiled Java code, j=interpreted, Vv=VM code, C=native code)
V  [jvm.dll+0x5f840a]
V  [jvm.dll+0x741e4a]
V  [jvm.dll+0x7435ff]
V  [jvm.dll+0x743bf7]
V  [jvm.dll+0x20d20c]
V  [jvm.dll+0x20d173]
V  [jvm.dll+0x5e754f]
V  [jvm.dll+0x5e72ad]
V  [jvm.dll+0x5af2b3]
V  [jvm.dll+0x7394bf]
V  [jvm.dll+0x4bee71]
V  [jvm.dll+0x748a5b]
V  [jvm.dll+0x4a54fe]
V  [jvm.dll+0x46ee8b]
C  [jdwp.dll+0x751f]


---------------  P R O C E S S  ---------------

Threads class SMR info:
_java_thread_list=0x0000028bcbaf8c20, length=15, elements={
0x0000028ba69ca000, 0x0000028bcab9e000, 0x0000028bcb422000, 0x0000028bcb44d000,
0x0000028bcb450000, 0x0000028bcb455000, 0x0000028bcb45d800, 0x0000028bcb466800,
0x0000028bcb455800, 0x0000028bcb452800, 0x0000028bcbbeb000, 0x0000028bcbe92000,
0x0000028bcbd92000, 0x0000028bcb453800, 0x0000028bcb456800
}

Java Threads: ( => current thread )
  0x0000028ba69ca000 JavaThread "main" [_thread_blocked, id=15768, stack(0x000000edf0300000,0x000000edf0400000)]
  0x0000028bcab9e000 JavaThread "Reference Handler" daemon [_thread_blocked, id=19596, stack(0x000000edf0a00000,0x000000edf0b00000)]
  0x0000028bcb422000 JavaThread "Finalizer" daemon [_thread_blocked, id=7412, stack(0x000000edf0b00000,0x000000edf0c00000)]
  0x0000028bcb44d000 JavaThread "Signal Dispatcher" daemon [_thread_blocked, id=15920, stack(0x000000edf0c00000,0x000000edf0d00000)]
  0x0000028bcb450000 JavaThread "Attach Listener" daemon [_thread_blocked, id=4968, stack(0x000000edf0d00000,0x000000edf0e00000)]
  0x0000028bcb455000 JavaThread "Service Thread" daemon [_thread_blocked, id=4516, stack(0x000000edf0e00000,0x000000edf0f00000)]
  0x0000028bcb45d800 JavaThread "C2 CompilerThread0" daemon [_thread_blocked, id=9516, stack(0x000000edf0f00000,0x000000edf1000000)]
  0x0000028bcb466800 JavaThread "C1 CompilerThread0" daemon [_thread_blocked, id=14916, stack(0x000000edf1000000,0x000000edf1100000)]
  0x0000028bcb455800 JavaThread "Sweeper thread" daemon [_thread_blocked, id=21752, stack(0x000000edf1100000,0x000000edf1200000)]
  0x0000028bcb452800 JavaThread "Common-Cleaner" daemon [_thread_blocked, id=14044, stack(0x000000edf1200000,0x000000edf1300000)]
=>0x0000028bcbbeb000 JavaThread "JDWP Transport Listener: dt_socket" daemon [_thread_in_vm, id=10100, stack(0x000000edf1500000,0x000000edf1600000)] _threads_hazard_ptr=0x0000028bcbaf8c20
  0x0000028bcbe92000 JavaThread "JDWP Event Helper Thread" daemon [_thread_blocked, id=24016, stack(0x000000edf1600000,0x000000edf1700000)]
  0x0000028bcbd92000 JavaThread "JDWP Command Reader" daemon [_thread_in_native, id=10176, stack(0x000000edf1700000,0x000000edf1800000)]
  0x0000028bcb453800 JavaThread "Notification Thread" daemon [_thread_blocked, id=6572, stack(0x000000edf1800000,0x000000edf1900000)]
  0x0000028bcb456800 JavaThread "ReaderThread" [_thread_in_native, id=14584, stack(0x000000edf1f00000,0x000000edf2000000)]

Other Threads:
  0x0000028bcab96000 VMThread "VM Thread" [stack: 0x000000edf0900000,0x000000edf0a00000] [id=22916]
  0x0000028bcbd92800 WatcherThread [stack: 0x000000edf1900000,0x000000edf1a00000] [id=18388]
  0x0000028ba6a32000 GCTaskThread "GC Thread#0" [stack: 0x000000edf0400000,0x000000edf0500000] [id=21104]
  0x0000028bcc318000 GCTaskThread "GC Thread#1" [stack: 0x000000edf1a00000,0x000000edf1b00000] [id=10208]
  0x0000028bcc308000 GCTaskThread "GC Thread#2" [stack: 0x000000edf1b00000,0x000000edf1c00000] [id=8264]
  0x0000028bcba4f000 GCTaskThread "GC Thread#3" [stack: 0x000000edf1c00000,0x000000edf1d00000] [id=18428]
  0x0000028bcba50000 GCTaskThread "GC Thread#4" [stack: 0x000000edf1d00000,0x000000edf1e00000] [id=16700]
  0x0000028bcba4c800 GCTaskThread "GC Thread#5" [stack: 0x000000edf1e00000,0x000000edf1f00000] [id=10380]
  0x0000028ba6a55000 ConcurrentGCThread "G1 Main Marker" [stack: 0x000000edf0500000,0x000000edf0600000] [id=5828]
  0x0000028ba6a57800 ConcurrentGCThread "G1 Conc#0" [stack: 0x000000edf0600000,0x000000edf0700000] [id=12760]
  0x0000028bcaa84000 ConcurrentGCThread "G1 Refine#0" [stack: 0x000000edf0700000,0x000000edf0800000] [id=19772]
  0x0000028bcaa85800 ConcurrentGCThread "G1 Young RemSet Sampling" [stack: 0x000000edf0800000,0x000000edf0900000] [id=10064]

Threads with active compile tasks:

VM state:not at safepoint (normal execution)

VM Mutex/Monitor currently owned by a thread: None

Heap address: 0x0000000701a00000, size: 4070 MB, Compressed Oops mode: Zero based, Oop shift amount: 3
Narrow klass base: 0x0000000800000000, Narrow klass shift: 3
Compressed class space size: 1073741824 Address: 0x0000000800b30000

Heap:
 garbage-first heap   total 262144K, used 28953K [0x0000000701a00000, 0x0000000800000000)
  region size 1024K, 30 young (30720K), 3 survivors (3072K)
 Metaspace       used 7486K, capacity 8055K, committed 8320K, reserved 1056768K
  class space    used 885K, capacity 1108K, committed 1152K, reserved 1048576K
Heap Regions: E=young(eden), S=young(survivor), O=old, HS=humongous(starts), HC=humongous(continues), CS=collection set, F=free, OA=open archive, CA=closed archive, TAMS=top-at-mark-start (previous, next)
|   0|0x0000000701a00000, 0x0000000701a00000, 0x0000000701b00000|  0%| F|  |TAMS 0x0000000701a00000, 0x0000000701a00000| Untracked 
|   1|0x0000000701b00000, 0x0000000701b00000, 0x0000000701c00000|  0%| F|  |TAMS 0x0000000701b00000, 0x0000000701b00000| Untracked 
|   2|0x0000000701c00000, 0x0000000701c00000, 0x0000000701d00000|  0%| F|  |TAMS 0x0000000701c00000, 0x0000000701c00000| Untracked 
|   3|0x0000000701d00000, 0x0000000701d00000, 0x0000000701e00000|  0%| F|  |TAMS 0x0000000701d00000, 0x0000000701d00000| Untracked 
|   4|0x0000000701e00000, 0x0000000701e00000, 0x0000000701f00000|  0%| F|  |TAMS 0x0000000701e00000, 0x0000000701e00000| Untracked 
|   5|0x0000000701f00000, 0x0000000701f00000, 0x0000000702000000|  0%| F|  |TAMS 0x0000000701f00000, 0x0000000701f00000| Untracked 
|   6|0x0000000702000000, 0x0000000702000000, 0x0000000702100000|  0%| F|  |TAMS 0x0000000702000000, 0x0000000702000000| Untracked 
|   7|0x0000000702100000, 0x0000000702100000, 0x0000000702200000|  0%| F|  |TAMS 0x0000000702100000, 0x0000000702100000| Untracked 
|   8|0x0000000702200000, 0x0000000702200000, 0x0000000702300000|  0%| F|  |TAMS 0x0000000702200000, 0x0000000702200000| Untracked 
|   9|0x0000000702300000, 0x0000000702300000, 0x0000000702400000|  0%| F|  |TAMS 0x0000000702300000, 0x0000000702300000| Untracked 
|  10|0x0000000702400000, 0x0000000702400000, 0x0000000702500000|  0%| F|  |TAMS 0x0000000702400000, 0x0000000702400000| Untracked 
|  11|0x0000000702500000, 0x0000000702500000, 0x0000000702600000|  0%| F|  |TAMS 0x0000000702500000, 0x0000000702500000| Untracked 
|  12|0x0000000702600000, 0x0000000702600000, 0x0000000702700000|  0%| F|  |TAMS 0x0000000702600000, 0x0000000702600000| Untracked 
|  13|0x0000000702700000, 0x0000000702700000, 0x0000000702800000|  0%| F|  |TAMS 0x0000000702700000, 0x0000000702700000| Untracked 
|  14|0x0000000702800000, 0x0000000702800000, 0x0000000702900000|  0%| F|  |TAMS 0x0000000702800000, 0x0000000702800000| Untracked 
|  15|0x0000000702900000, 0x0000000702900000, 0x0000000702a00000|  0%| F|  |TAMS 0x0000000702900000, 0x0000000702900000| Untracked 
|  16|0x0000000702a00000, 0x0000000702a00000, 0x0000000702b00000|  0%| F|  |TAMS 0x0000000702a00000, 0x0000000702a00000| Untracked 
|  17|0x0000000702b00000, 0x0000000702b00000, 0x0000000702c00000|  0%| F|  |TAMS 0x0000000702b00000, 0x0000000702b00000| Untracked 
|  18|0x0000000702c00000, 0x0000000702c00000, 0x0000000702d00000|  0%| F|  |TAMS 0x0000000702c00000, 0x0000000702c00000| Untracked 
|  19|0x0000000702d00000, 0x0000000702d00000, 0x0000000702e00000|  0%| F|  |TAMS 0x0000000702d00000, 0x0000000702d00000| Untracked 
|  20|0x0000000702e00000, 0x0000000702e00000, 0x0000000702f00000|  0%| F|  |TAMS 0x0000000702e00000, 0x0000000702e00000| Untracked 
|  21|0x0000000702f00000, 0x0000000702f00000, 0x0000000703000000|  0%| F|  |TAMS 0x0000000702f00000, 0x0000000702f00000| Untracked 
|  22|0x0000000703000000, 0x0000000703000000, 0x0000000703100000|  0%| F|  |TAMS 0x0000000703000000, 0x0000000703000000| Untracked 
|  23|0x0000000703100000, 0x0000000703100000, 0x0000000703200000|  0%| F|  |TAMS 0x0000000703100000, 0x0000000703100000| Untracked 
|  24|0x0000000703200000, 0x0000000703200000, 0x0000000703300000|  0%| F|  |TAMS 0x0000000703200000, 0x0000000703200000| Untracked 
|  25|0x0000000703300000, 0x0000000703300000, 0x0000000703400000|  0%| F|  |TAMS 0x0000000703300000, 0x0000000703300000| Untracked 
|  26|0x0000000703400000, 0x0000000703400000, 0x0000000703500000|  0%| F|  |TAMS 0x0000000703400000, 0x0000000703400000| Untracked 
|  27|0x0000000703500000, 0x0000000703500000, 0x0000000703600000|  0%| F|  |TAMS 0x0000000703500000, 0x0000000703500000| Untracked 
|  28|0x0000000703600000, 0x0000000703600000, 0x0000000703700000|  0%| F|  |TAMS 0x0000000703600000, 0x0000000703600000| Untracked 
|  29|0x0000000703700000, 0x0000000703700000, 0x0000000703800000|  0%| F|  |TAMS 0x0000000703700000, 0x0000000703700000| Untracked 
|  30|0x0000000703800000, 0x0000000703800000, 0x0000000703900000|  0%| F|  |TAMS 0x0000000703800000, 0x0000000703800000| Untracked 
|  31|0x0000000703900000, 0x0000000703900000, 0x0000000703a00000|  0%| F|  |TAMS 0x0000000703900000, 0x0000000703900000| Untracked 
|  32|0x0000000703a00000, 0x0000000703a00000, 0x0000000703b00000|  0%| F|  |TAMS 0x0000000703a00000, 0x0000000703a00000| Untracked 
|  33|0x0000000703b00000, 0x0000000703b00000, 0x0000000703c00000|  0%| F|  |TAMS 0x0000000703b00000, 0x0000000703b00000| Untracked 
|  34|0x0000000703c00000, 0x0000000703c00000, 0x0000000703d00000|  0%| F|  |TAMS 0x0000000703c00000, 0x0000000703c00000| Untracked 
|  35|0x0000000703d00000, 0x0000000703d00000, 0x0000000703e00000|  0%| F|  |TAMS 0x0000000703d00000, 0x0000000703d00000| Untracked 
|  36|0x0000000703e00000, 0x0000000703e00000, 0x0000000703f00000|  0%| F|  |TAMS 0x0000000703e00000, 0x0000000703e00000| Untracked 
|  37|0x0000000703f00000, 0x0000000703f00000, 0x0000000704000000|  0%| F|  |TAMS 0x0000000703f00000, 0x0000000703f00000| Untracked 
|  38|0x0000000704000000, 0x0000000704000000, 0x0000000704100000|  0%| F|  |TAMS 0x0000000704000000, 0x0000000704000000| Untracked 
|  39|0x0000000704100000, 0x0000000704100000, 0x0000000704200000|  0%| F|  |TAMS 0x0000000704100000, 0x0000000704100000| Untracked 
|  40|0x0000000704200000, 0x0000000704200000, 0x0000000704300000|  0%| F|  |TAMS 0x0000000704200000, 0x0000000704200000| Untracked 
|  41|0x0000000704300000, 0x0000000704300000, 0x0000000704400000|  0%| F|  |TAMS 0x0000000704300000, 0x0000000704300000| Untracked 
|  42|0x0000000704400000, 0x0000000704400000, 0x0000000704500000|  0%| F|  |TAMS 0x0000000704400000, 0x0000000704400000| Untracked 
|  43|0x0000000704500000, 0x0000000704500000, 0x0000000704600000|  0%| F|  |TAMS 0x0000000704500000, 0x0000000704500000| Untracked 
|  44|0x0000000704600000, 0x0000000704600000, 0x0000000704700000|  0%| F|  |TAMS 0x0000000704600000, 0x0000000704600000| Untracked 
|  45|0x0000000704700000, 0x0000000704700000, 0x0000000704800000|  0%| F|  |TAMS 0x0000000704700000, 0x0000000704700000| Untracked 
|  46|0x0000000704800000, 0x0000000704800000, 0x0000000704900000|  0%| F|  |TAMS 0x0000000704800000, 0x0000000704800000| Untracked 
|  47|0x0000000704900000, 0x0000000704900000, 0x0000000704a00000|  0%| F|  |TAMS 0x0000000704900000, 0x0000000704900000| Untracked 
|  48|0x0000000704a00000, 0x0000000704a00000, 0x0000000704b00000|  0%| F|  |TAMS 0x0000000704a00000, 0x0000000704a00000| Untracked 
|  49|0x0000000704b00000, 0x0000000704b00000, 0x0000000704c00000|  0%| F|  |TAMS 0x0000000704b00000, 0x0000000704b00000| Untracked 
|  50|0x0000000704c00000, 0x0000000704c00000, 0x0000000704d00000|  0%| F|  |TAMS 0x0000000704c00000, 0x0000000704c00000| Untracked 
|  51|0x0000000704d00000, 0x0000000704d00000, 0x0000000704e00000|  0%| F|  |TAMS 0x0000000704d00000, 0x0000000704d00000| Untracked 
|  52|0x0000000704e00000, 0x0000000704e00000, 0x0000000704f00000|  0%| F|  |TAMS 0x0000000704e00000, 0x0000000704e00000| Untracked 
|  53|0x0000000704f00000, 0x0000000704f00000, 0x0000000705000000|  0%| F|  |TAMS 0x0000000704f00000, 0x0000000704f00000| Untracked 
|  54|0x0000000705000000, 0x0000000705000000, 0x0000000705100000|  0%| F|  |TAMS 0x0000000705000000, 0x0000000705000000| Untracked 
|  55|0x0000000705100000, 0x0000000705100000, 0x0000000705200000|  0%| F|  |TAMS 0x0000000705100000, 0x0000000705100000| Untracked 
|  56|0x0000000705200000, 0x0000000705200000, 0x0000000705300000|  0%| F|  |TAMS 0x0000000705200000, 0x0000000705200000| Untracked 
|  57|0x0000000705300000, 0x0000000705300000, 0x0000000705400000|  0%| F|  |TAMS 0x0000000705300000, 0x0000000705300000| Untracked 
|  58|0x0000000705400000, 0x0000000705400000, 0x0000000705500000|  0%| F|  |TAMS 0x0000000705400000, 0x0000000705400000| Untracked 
|  59|0x0000000705500000, 0x0000000705500000, 0x0000000705600000|  0%| F|  |TAMS 0x0000000705500000, 0x0000000705500000| Untracked 
|  60|0x0000000705600000, 0x0000000705600000, 0x0000000705700000|  0%| F|  |TAMS 0x0000000705600000, 0x0000000705600000| Untracked 
|  61|0x0000000705700000, 0x0000000705700000, 0x0000000705800000|  0%| F|  |TAMS 0x0000000705700000, 0x0000000705700000| Untracked 
|  62|0x0000000705800000, 0x0000000705800000, 0x0000000705900000|  0%| F|  |TAMS 0x0000000705800000, 0x0000000705800000| Untracked 
|  63|0x0000000705900000, 0x0000000705900000, 0x0000000705a00000|  0%| F|  |TAMS 0x0000000705900000, 0x0000000705900000| Untracked 
|  64|0x0000000705a00000, 0x0000000705a00000, 0x0000000705b00000|  0%| F|  |TAMS 0x0000000705a00000, 0x0000000705a00000| Untracked 
|  65|0x0000000705b00000, 0x0000000705b00000, 0x0000000705c00000|  0%| F|  |TAMS 0x0000000705b00000, 0x0000000705b00000| Untracked 
|  66|0x0000000705c00000, 0x0000000705c00000, 0x0000000705d00000|  0%| F|  |TAMS 0x0000000705c00000, 0x0000000705c00000| Untracked 
|  67|0x0000000705d00000, 0x0000000705d00000, 0x0000000705e00000|  0%| F|  |TAMS 0x0000000705d00000, 0x0000000705d00000| Untracked 
|  68|0x0000000705e00000, 0x0000000705e00000, 0x0000000705f00000|  0%| F|  |TAMS 0x0000000705e00000, 0x0000000705e00000| Untracked 
|  69|0x0000000705f00000, 0x0000000705f00000, 0x0000000706000000|  0%| F|  |TAMS 0x0000000705f00000, 0x0000000705f00000| Untracked 
|  70|0x0000000706000000, 0x0000000706000000, 0x0000000706100000|  0%| F|  |TAMS 0x0000000706000000, 0x0000000706000000| Untracked 
|  71|0x0000000706100000, 0x0000000706100000, 0x0000000706200000|  0%| F|  |TAMS 0x0000000706100000, 0x0000000706100000| Untracked 
|  72|0x0000000706200000, 0x0000000706200000, 0x0000000706300000|  0%| F|  |TAMS 0x0000000706200000, 0x0000000706200000| Untracked 
|  73|0x0000000706300000, 0x0000000706300000, 0x0000000706400000|  0%| F|  |TAMS 0x0000000706300000, 0x0000000706300000| Untracked 
|  74|0x0000000706400000, 0x0000000706400000, 0x0000000706500000|  0%| F|  |TAMS 0x0000000706400000, 0x0000000706400000| Untracked 
|  75|0x0000000706500000, 0x0000000706500000, 0x0000000706600000|  0%| F|  |TAMS 0x0000000706500000, 0x0000000706500000| Untracked 
|  76|0x0000000706600000, 0x0000000706600000, 0x0000000706700000|  0%| F|  |TAMS 0x0000000706600000, 0x0000000706600000| Untracked 
|  77|0x0000000706700000, 0x0000000706700000, 0x0000000706800000|  0%| F|  |TAMS 0x0000000706700000, 0x0000000706700000| Untracked 
|  78|0x0000000706800000, 0x0000000706800000, 0x0000000706900000|  0%| F|  |TAMS 0x0000000706800000, 0x0000000706800000| Untracked 
|  79|0x0000000706900000, 0x0000000706900000, 0x0000000706a00000|  0%| F|  |TAMS 0x0000000706900000, 0x0000000706900000| Untracked 
|  80|0x0000000706a00000, 0x0000000706a00000, 0x0000000706b00000|  0%| F|  |TAMS 0x0000000706a00000, 0x0000000706a00000| Untracked 
|  81|0x0000000706b00000, 0x0000000706b00000, 0x0000000706c00000|  0%| F|  |TAMS 0x0000000706b00000, 0x0000000706b00000| Untracked 
|  82|0x0000000706c00000, 0x0000000706c00000, 0x0000000706d00000|  0%| F|  |TAMS 0x0000000706c00000, 0x0000000706c00000| Untracked 
|  83|0x0000000706d00000, 0x0000000706d00000, 0x0000000706e00000|  0%| F|  |TAMS 0x0000000706d00000, 0x0000000706d00000| Untracked 
|  84|0x0000000706e00000, 0x0000000706e00000, 0x0000000706f00000|  0%| F|  |TAMS 0x0000000706e00000, 0x0000000706e00000| Untracked 
|  85|0x0000000706f00000, 0x0000000706f00000, 0x0000000707000000|  0%| F|  |TAMS 0x0000000706f00000, 0x0000000706f00000| Untracked 
|  86|0x0000000707000000, 0x0000000707000000, 0x0000000707100000|  0%| F|  |TAMS 0x0000000707000000, 0x0000000707000000| Untracked 
|  87|0x0000000707100000, 0x0000000707100000, 0x0000000707200000|  0%| F|  |TAMS 0x0000000707100000, 0x0000000707100000| Untracked 
|  88|0x0000000707200000, 0x0000000707200000, 0x0000000707300000|  0%| F|  |TAMS 0x0000000707200000, 0x0000000707200000| Untracked 
|  89|0x0000000707300000, 0x0000000707300000, 0x0000000707400000|  0%| F|  |TAMS 0x0000000707300000, 0x0000000707300000| Untracked 
|  90|0x0000000707400000, 0x0000000707400000, 0x0000000707500000|  0%| F|  |TAMS 0x0000000707400000, 0x0000000707400000| Untracked 
|  91|0x0000000707500000, 0x0000000707500000, 0x0000000707600000|  0%| F|  |TAMS 0x0000000707500000, 0x0000000707500000| Untracked 
|  92|0x0000000707600000, 0x0000000707600000, 0x0000000707700000|  0%| F|  |TAMS 0x0000000707600000, 0x0000000707600000| Untracked 
|  93|0x0000000707700000, 0x0000000707700000, 0x0000000707800000|  0%| F|  |TAMS 0x0000000707700000, 0x0000000707700000| Untracked 
|  94|0x0000000707800000, 0x0000000707800000, 0x0000000707900000|  0%| F|  |TAMS 0x0000000707800000, 0x0000000707800000| Untracked 
|  95|0x0000000707900000, 0x0000000707900000, 0x0000000707a00000|  0%| F|  |TAMS 0x0000000707900000, 0x0000000707900000| Untracked 
|  96|0x0000000707a00000, 0x0000000707a00000, 0x0000000707b00000|  0%| F|  |TAMS 0x0000000707a00000, 0x0000000707a00000| Untracked 
|  97|0x0000000707b00000, 0x0000000707b00000, 0x0000000707c00000|  0%| F|  |TAMS 0x0000000707b00000, 0x0000000707b00000| Untracked 
|  98|0x0000000707c00000, 0x0000000707c00000, 0x0000000707d00000|  0%| F|  |TAMS 0x0000000707c00000, 0x0000000707c00000| Untracked 
|  99|0x0000000707d00000, 0x0000000707d00000, 0x0000000707e00000|  0%| F|  |TAMS 0x0000000707d00000, 0x0000000707d00000| Untracked 
| 100|0x0000000707e00000, 0x0000000707e00000, 0x0000000707f00000|  0%| F|  |TAMS 0x0000000707e00000, 0x0000000707e00000| Untracked 
| 101|0x0000000707f00000, 0x0000000707f00000, 0x0000000708000000|  0%| F|  |TAMS 0x0000000707f00000, 0x0000000707f00000| Untracked 
| 102|0x0000000708000000, 0x0000000708000000, 0x0000000708100000|  0%| F|  |TAMS 0x0000000708000000, 0x0000000708000000| Untracked 
| 103|0x0000000708100000, 0x0000000708100000, 0x0000000708200000|  0%| F|  |TAMS 0x0000000708100000, 0x0000000708100000| Untracked 
| 104|0x0000000708200000, 0x0000000708200000, 0x0000000708300000|  0%| F|  |TAMS 0x0000000708200000, 0x0000000708200000| Untracked 
| 105|0x0000000708300000, 0x0000000708300000, 0x0000000708400000|  0%| F|  |TAMS 0x0000000708300000, 0x0000000708300000| Untracked 
| 106|0x0000000708400000, 0x0000000708400000, 0x0000000708500000|  0%| F|  |TAMS 0x0000000708400000, 0x0000000708400000| Untracked 
| 107|0x0000000708500000, 0x0000000708500000, 0x0000000708600000|  0%| F|  |TAMS 0x0000000708500000, 0x0000000708500000| Untracked 
| 108|0x0000000708600000, 0x0000000708600000, 0x0000000708700000|  0%| F|  |TAMS 0x0000000708600000, 0x0000000708600000| Untracked 
| 109|0x0000000708700000, 0x0000000708700000, 0x0000000708800000|  0%| F|  |TAMS 0x0000000708700000, 0x0000000708700000| Untracked 
| 110|0x0000000708800000, 0x0000000708800000, 0x0000000708900000|  0%| F|  |TAMS 0x0000000708800000, 0x0000000708800000| Untracked 
| 111|0x0000000708900000, 0x0000000708900000, 0x0000000708a00000|  0%| F|  |TAMS 0x0000000708900000, 0x0000000708900000| Untracked 
| 112|0x0000000708a00000, 0x0000000708a00000, 0x0000000708b00000|  0%| F|  |TAMS 0x0000000708a00000, 0x0000000708a00000| Untracked 
| 113|0x0000000708b00000, 0x0000000708b00000, 0x0000000708c00000|  0%| F|  |TAMS 0x0000000708b00000, 0x0000000708b00000| Untracked 
| 114|0x0000000708c00000, 0x0000000708c00000, 0x0000000708d00000|  0%| F|  |TAMS 0x0000000708c00000, 0x0000000708c00000| Untracked 
| 115|0x0000000708d00000, 0x0000000708d00000, 0x0000000708e00000|  0%| F|  |TAMS 0x0000000708d00000, 0x0000000708d00000| Untracked 
| 116|0x0000000708e00000, 0x0000000708e00000, 0x0000000708f00000|  0%| F|  |TAMS 0x0000000708e00000, 0x0000000708e00000| Untracked 
| 117|0x0000000708f00000, 0x0000000708f00000, 0x0000000709000000|  0%| F|  |TAMS 0x0000000708f00000, 0x0000000708f00000| Untracked 
| 118|0x0000000709000000, 0x0000000709000000, 0x0000000709100000|  0%| F|  |TAMS 0x0000000709000000, 0x0000000709000000| Untracked 
| 119|0x0000000709100000, 0x0000000709100000, 0x0000000709200000|  0%| F|  |TAMS 0x0000000709100000, 0x0000000709100000| Untracked 
| 120|0x0000000709200000, 0x0000000709200000, 0x0000000709300000|  0%| F|  |TAMS 0x0000000709200000, 0x0000000709200000| Untracked 
| 121|0x0000000709300000, 0x0000000709300000, 0x0000000709400000|  0%| F|  |TAMS 0x0000000709300000, 0x0000000709300000| Untracked 
| 122|0x0000000709400000, 0x0000000709400000, 0x0000000709500000|  0%| F|  |TAMS 0x0000000709400000, 0x0000000709400000| Untracked 
| 123|0x0000000709500000, 0x0000000709500000, 0x0000000709600000|  0%| F|  |TAMS 0x0000000709500000, 0x0000000709500000| Untracked 
| 124|0x0000000709600000, 0x0000000709600000, 0x0000000709700000|  0%| F|  |TAMS 0x0000000709600000, 0x0000000709600000| Untracked 
| 125|0x0000000709700000, 0x0000000709700000, 0x0000000709800000|  0%| F|  |TAMS 0x0000000709700000, 0x0000000709700000| Untracked 
| 126|0x0000000709800000, 0x0000000709800000, 0x0000000709900000|  0%| F|  |TAMS 0x0000000709800000, 0x0000000709800000| Untracked 
| 127|0x0000000709900000, 0x0000000709900000, 0x0000000709a00000|  0%| F|  |TAMS 0x0000000709900000, 0x0000000709900000| Untracked 
| 128|0x0000000709a00000, 0x0000000709a00000, 0x0000000709b00000|  0%| F|  |TAMS 0x0000000709a00000, 0x0000000709a00000| Untracked 
| 129|0x0000000709b00000, 0x0000000709b00000, 0x0000000709c00000|  0%| F|  |TAMS 0x0000000709b00000, 0x0000000709b00000| Untracked 
| 130|0x0000000709c00000, 0x0000000709c00000, 0x0000000709d00000|  0%| F|  |TAMS 0x0000000709c00000, 0x0000000709c00000| Untracked 
| 131|0x0000000709d00000, 0x0000000709d00000, 0x0000000709e00000|  0%| F|  |TAMS 0x0000000709d00000, 0x0000000709d00000| Untracked 
| 132|0x0000000709e00000, 0x0000000709e00000, 0x0000000709f00000|  0%| F|  |TAMS 0x0000000709e00000, 0x0000000709e00000| Untracked 
| 133|0x0000000709f00000, 0x0000000709f00000, 0x000000070a000000|  0%| F|  |TAMS 0x0000000709f00000, 0x0000000709f00000| Untracked 
| 134|0x000000070a000000, 0x000000070a000000, 0x000000070a100000|  0%| F|  |TAMS 0x000000070a000000, 0x000000070a000000| Untracked 
| 135|0x000000070a100000, 0x000000070a100000, 0x000000070a200000|  0%| F|  |TAMS 0x000000070a100000, 0x000000070a100000| Untracked 
| 136|0x000000070a200000, 0x000000070a200000, 0x000000070a300000|  0%| F|  |TAMS 0x000000070a200000, 0x000000070a200000| Untracked 
| 137|0x000000070a300000, 0x000000070a300000, 0x000000070a400000|  0%| F|  |TAMS 0x000000070a300000, 0x000000070a300000| Untracked 
| 138|0x000000070a400000, 0x000000070a400000, 0x000000070a500000|  0%| F|  |TAMS 0x000000070a400000, 0x000000070a400000| Untracked 
| 139|0x000000070a500000, 0x000000070a500000, 0x000000070a600000|  0%| F|  |TAMS 0x000000070a500000, 0x000000070a500000| Untracked 
| 140|0x000000070a600000, 0x000000070a600000, 0x000000070a700000|  0%| F|  |TAMS 0x000000070a600000, 0x000000070a600000| Untracked 
| 141|0x000000070a700000, 0x000000070a700000, 0x000000070a800000|  0%| F|  |TAMS 0x000000070a700000, 0x000000070a700000| Untracked 
| 142|0x000000070a800000, 0x000000070a800000, 0x000000070a900000|  0%| F|  |TAMS 0x000000070a800000, 0x000000070a800000| Untracked 
| 143|0x000000070a900000, 0x000000070a900000, 0x000000070aa00000|  0%| F|  |TAMS 0x000000070a900000, 0x000000070a900000| Untracked 
| 144|0x000000070aa00000, 0x000000070aa00000, 0x000000070ab00000|  0%| F|  |TAMS 0x000000070aa00000, 0x000000070aa00000| Untracked 
| 145|0x000000070ab00000, 0x000000070ab00000, 0x000000070ac00000|  0%| F|  |TAMS 0x000000070ab00000, 0x000000070ab00000| Untracked 
| 146|0x000000070ac00000, 0x000000070ac00000, 0x000000070ad00000|  0%| F|  |TAMS 0x000000070ac00000, 0x000000070ac00000| Untracked 
| 147|0x000000070ad00000, 0x000000070ad00000, 0x000000070ae00000|  0%| F|  |TAMS 0x000000070ad00000, 0x000000070ad00000| Untracked 
| 148|0x000000070ae00000, 0x000000070ae00000, 0x000000070af00000|  0%| F|  |TAMS 0x000000070ae00000, 0x000000070ae00000| Untracked 
| 149|0x000000070af00000, 0x000000070af00000, 0x000000070b000000|  0%| F|  |TAMS 0x000000070af00000, 0x000000070af00000| Untracked 
| 150|0x000000070b000000, 0x000000070b000000, 0x000000070b100000|  0%| F|  |TAMS 0x000000070b000000, 0x000000070b000000| Untracked 
| 151|0x000000070b100000, 0x000000070b100000, 0x000000070b200000|  0%| F|  |TAMS 0x000000070b100000, 0x000000070b100000| Untracked 
| 152|0x000000070b200000, 0x000000070b200000, 0x000000070b300000|  0%| F|  |TAMS 0x000000070b200000, 0x000000070b200000| Untracked 
| 153|0x000000070b300000, 0x000000070b300000, 0x000000070b400000|  0%| F|  |TAMS 0x000000070b300000, 0x000000070b300000| Untracked 
| 154|0x000000070b400000, 0x000000070b400000, 0x000000070b500000|  0%| F|  |TAMS 0x000000070b400000, 0x000000070b400000| Untracked 
| 155|0x000000070b500000, 0x000000070b500000, 0x000000070b600000|  0%| F|  |TAMS 0x000000070b500000, 0x000000070b500000| Untracked 
| 156|0x000000070b600000, 0x000000070b600000, 0x000000070b700000|  0%| F|  |TAMS 0x000000070b600000, 0x000000070b600000| Untracked 
| 157|0x000000070b700000, 0x000000070b700000, 0x000000070b800000|  0%| F|  |TAMS 0x000000070b700000, 0x000000070b700000| Untracked 
| 158|0x000000070b800000, 0x000000070b800000, 0x000000070b900000|  0%| F|  |TAMS 0x000000070b800000, 0x000000070b800000| Untracked 
| 159|0x000000070b900000, 0x000000070b900000, 0x000000070ba00000|  0%| F|  |TAMS 0x000000070b900000, 0x000000070b900000| Untracked 
| 160|0x000000070ba00000, 0x000000070ba00000, 0x000000070bb00000|  0%| F|  |TAMS 0x000000070ba00000, 0x000000070ba00000| Untracked 
| 161|0x000000070bb00000, 0x000000070bb00000, 0x000000070bc00000|  0%| F|  |TAMS 0x000000070bb00000, 0x000000070bb00000| Untracked 
| 162|0x000000070bc00000, 0x000000070bc00000, 0x000000070bd00000|  0%| F|  |TAMS 0x000000070bc00000, 0x000000070bc00000| Untracked 
| 163|0x000000070bd00000, 0x000000070bd00000, 0x000000070be00000|  0%| F|  |TAMS 0x000000070bd00000, 0x000000070bd00000| Untracked 
| 164|0x000000070be00000, 0x000000070be00000, 0x000000070bf00000|  0%| F|  |TAMS 0x000000070be00000, 0x000000070be00000| Untracked 
| 165|0x000000070bf00000, 0x000000070bf00000, 0x000000070c000000|  0%| F|  |TAMS 0x000000070bf00000, 0x000000070bf00000| Untracked 
| 166|0x000000070c000000, 0x000000070c000000, 0x000000070c100000|  0%| F|  |TAMS 0x000000070c000000, 0x000000070c000000| Untracked 
| 167|0x000000070c100000, 0x000000070c100000, 0x000000070c200000|  0%| F|  |TAMS 0x000000070c100000, 0x000000070c100000| Untracked 
| 168|0x000000070c200000, 0x000000070c200000, 0x000000070c300000|  0%| F|  |TAMS 0x000000070c200000, 0x000000070c200000| Untracked 
| 169|0x000000070c300000, 0x000000070c300000, 0x000000070c400000|  0%| F|  |TAMS 0x000000070c300000, 0x000000070c300000| Untracked 
| 170|0x000000070c400000, 0x000000070c400000, 0x000000070c500000|  0%| F|  |TAMS 0x000000070c400000, 0x000000070c400000| Untracked 
| 171|0x000000070c500000, 0x000000070c500000, 0x000000070c600000|  0%| F|  |TAMS 0x000000070c500000, 0x000000070c500000| Untracked 
| 172|0x000000070c600000, 0x000000070c600000, 0x000000070c700000|  0%| F|  |TAMS 0x000000070c600000, 0x000000070c600000| Untracked 
| 173|0x000000070c700000, 0x000000070c700000, 0x000000070c800000|  0%| F|  |TAMS 0x000000070c700000, 0x000000070c700000| Untracked 
| 174|0x000000070c800000, 0x000000070c800000, 0x000000070c900000|  0%| F|  |TAMS 0x000000070c800000, 0x000000070c800000| Untracked 
| 175|0x000000070c900000, 0x000000070c900000, 0x000000070ca00000|  0%| F|  |TAMS 0x000000070c900000, 0x000000070c900000| Untracked 
| 176|0x000000070ca00000, 0x000000070ca00000, 0x000000070cb00000|  0%| F|  |TAMS 0x000000070ca00000, 0x000000070ca00000| Untracked 
| 177|0x000000070cb00000, 0x000000070cb00000, 0x000000070cc00000|  0%| F|  |TAMS 0x000000070cb00000, 0x000000070cb00000| Untracked 
| 178|0x000000070cc00000, 0x000000070cc00000, 0x000000070cd00000|  0%| F|  |TAMS 0x000000070cc00000, 0x000000070cc00000| Untracked 
| 179|0x000000070cd00000, 0x000000070cd00000, 0x000000070ce00000|  0%| F|  |TAMS 0x000000070cd00000, 0x000000070cd00000| Untracked 
| 180|0x000000070ce00000, 0x000000070ce00000, 0x000000070cf00000|  0%| F|  |TAMS 0x000000070ce00000, 0x000000070ce00000| Untracked 
| 181|0x000000070cf00000, 0x000000070cf00000, 0x000000070d000000|  0%| F|  |TAMS 0x000000070cf00000, 0x000000070cf00000| Untracked 
| 182|0x000000070d000000, 0x000000070d000000, 0x000000070d100000|  0%| F|  |TAMS 0x000000070d000000, 0x000000070d000000| Untracked 
| 183|0x000000070d100000, 0x000000070d100000, 0x000000070d200000|  0%| F|  |TAMS 0x000000070d100000, 0x000000070d100000| Untracked 
| 184|0x000000070d200000, 0x000000070d200000, 0x000000070d300000|  0%| F|  |TAMS 0x000000070d200000, 0x000000070d200000| Untracked 
| 185|0x000000070d300000, 0x000000070d300000, 0x000000070d400000|  0%| F|  |TAMS 0x000000070d300000, 0x000000070d300000| Untracked 
| 186|0x000000070d400000, 0x000000070d400000, 0x000000070d500000|  0%| F|  |TAMS 0x000000070d400000, 0x000000070d400000| Untracked 
| 187|0x000000070d500000, 0x000000070d500000, 0x000000070d600000|  0%| F|  |TAMS 0x000000070d500000, 0x000000070d500000| Untracked 
| 188|0x000000070d600000, 0x000000070d600000, 0x000000070d700000|  0%| F|  |TAMS 0x000000070d600000, 0x000000070d600000| Untracked 
| 189|0x000000070d700000, 0x000000070d700000, 0x000000070d800000|  0%| F|  |TAMS 0x000000070d700000, 0x000000070d700000| Untracked 
| 190|0x000000070d800000, 0x000000070d800000, 0x000000070d900000|  0%| F|  |TAMS 0x000000070d800000, 0x000000070d800000| Untracked 
| 191|0x000000070d900000, 0x000000070d900000, 0x000000070da00000|  0%| F|  |TAMS 0x000000070d900000, 0x000000070d900000| Untracked 
| 192|0x000000070da00000, 0x000000070da00000, 0x000000070db00000|  0%| F|  |TAMS 0x000000070da00000, 0x000000070da00000| Untracked 
| 193|0x000000070db00000, 0x000000070db00000, 0x000000070dc00000|  0%| F|  |TAMS 0x000000070db00000, 0x000000070db00000| Untracked 
| 194|0x000000070dc00000, 0x000000070dc00000, 0x000000070dd00000|  0%| F|  |TAMS 0x000000070dc00000, 0x000000070dc00000| Untracked 
| 195|0x000000070dd00000, 0x000000070dd00000, 0x000000070de00000|  0%| F|  |TAMS 0x000000070dd00000, 0x000000070dd00000| Untracked 
| 196|0x000000070de00000, 0x000000070de00000, 0x000000070df00000|  0%| F|  |TAMS 0x000000070de00000, 0x000000070de00000| Untracked 
| 197|0x000000070df00000, 0x000000070df00000, 0x000000070e000000|  0%| F|  |TAMS 0x000000070df00000, 0x000000070df00000| Untracked 
| 198|0x000000070e000000, 0x000000070e000000, 0x000000070e100000|  0%| F|  |TAMS 0x000000070e000000, 0x000000070e000000| Untracked 
| 199|0x000000070e100000, 0x000000070e100000, 0x000000070e200000|  0%| F|  |TAMS 0x000000070e100000, 0x000000070e100000| Untracked 
| 200|0x000000070e200000, 0x000000070e200000, 0x000000070e300000|  0%| F|  |TAMS 0x000000070e200000, 0x000000070e200000| Untracked 
| 201|0x000000070e300000, 0x000000070e300000, 0x000000070e400000|  0%| F|  |TAMS 0x000000070e300000, 0x000000070e300000| Untracked 
| 202|0x000000070e400000, 0x000000070e400000, 0x000000070e500000|  0%| F|  |TAMS 0x000000070e400000, 0x000000070e400000| Untracked 
| 203|0x000000070e500000, 0x000000070e500000, 0x000000070e600000|  0%| F|  |TAMS 0x000000070e500000, 0x000000070e500000| Untracked 
| 204|0x000000070e600000, 0x000000070e600000, 0x000000070e700000|  0%| F|  |TAMS 0x000000070e600000, 0x000000070e600000| Untracked 
| 205|0x000000070e700000, 0x000000070e700000, 0x000000070e800000|  0%| F|  |TAMS 0x000000070e700000, 0x000000070e700000| Untracked 
| 206|0x000000070e800000, 0x000000070e800000, 0x000000070e900000|  0%| F|  |TAMS 0x000000070e800000, 0x000000070e800000| Untracked 
| 207|0x000000070e900000, 0x000000070e900000, 0x000000070ea00000|  0%| F|  |TAMS 0x000000070e900000, 0x000000070e900000| Untracked 
| 208|0x000000070ea00000, 0x000000070ea00000, 0x000000070eb00000|  0%| F|  |TAMS 0x000000070ea00000, 0x000000070ea00000| Untracked 
| 209|0x000000070eb00000, 0x000000070eb00000, 0x000000070ec00000|  0%| F|  |TAMS 0x000000070eb00000, 0x000000070eb00000| Untracked 
| 210|0x000000070ec00000, 0x000000070ec00000, 0x000000070ed00000|  0%| F|  |TAMS 0x000000070ec00000, 0x000000070ec00000| Untracked 
| 211|0x000000070ed00000, 0x000000070ed00000, 0x000000070ee00000|  0%| F|  |TAMS 0x000000070ed00000, 0x000000070ed00000| Untracked 
| 212|0x000000070ee00000, 0x000000070ee00000, 0x000000070ef00000|  0%| F|  |TAMS 0x000000070ee00000, 0x000000070ee00000| Untracked 
| 213|0x000000070ef00000, 0x000000070ef00000, 0x000000070f000000|  0%| F|  |TAMS 0x000000070ef00000, 0x000000070ef00000| Untracked 
| 214|0x000000070f000000, 0x000000070f000000, 0x000000070f100000|  0%| F|  |TAMS 0x000000070f000000, 0x000000070f000000| Untracked 
| 215|0x000000070f100000, 0x000000070f100000, 0x000000070f200000|  0%| F|  |TAMS 0x000000070f100000, 0x000000070f100000| Untracked 
| 216|0x000000070f200000, 0x000000070f200000, 0x000000070f300000|  0%| F|  |TAMS 0x000000070f200000, 0x000000070f200000| Untracked 
| 217|0x000000070f300000, 0x000000070f300000, 0x000000070f400000|  0%| F|  |TAMS 0x000000070f300000, 0x000000070f300000| Untracked 
| 218|0x000000070f400000, 0x000000070f400000, 0x000000070f500000|  0%| F|  |TAMS 0x000000070f400000, 0x000000070f400000| Untracked 
| 219|0x000000070f500000, 0x000000070f500000, 0x000000070f600000|  0%| F|  |TAMS 0x000000070f500000, 0x000000070f500000| Untracked 
| 220|0x000000070f600000, 0x000000070f600000, 0x000000070f700000|  0%| F|  |TAMS 0x000000070f600000, 0x000000070f600000| Untracked 
| 221|0x000000070f700000, 0x000000070f700000, 0x000000070f800000|  0%| F|  |TAMS 0x000000070f700000, 0x000000070f700000| Untracked 
| 222|0x000000070f800000, 0x000000070f800000, 0x000000070f900000|  0%| F|  |TAMS 0x000000070f800000, 0x000000070f800000| Untracked 
| 223|0x000000070f900000, 0x000000070f900000, 0x000000070fa00000|  0%| F|  |TAMS 0x000000070f900000, 0x000000070f900000| Untracked 
| 224|0x000000070fa00000, 0x000000070fa00000, 0x000000070fb00000|  0%| F|  |TAMS 0x000000070fa00000, 0x000000070fa00000| Untracked 
| 225|0x000000070fb00000, 0x000000070fb00000, 0x000000070fc00000|  0%| F|  |TAMS 0x000000070fb00000, 0x000000070fb00000| Untracked 
| 226|0x000000070fc00000, 0x000000070fc55cc0, 0x000000070fd00000| 33%| E|  |TAMS 0x000000070fc00000, 0x000000070fc00000| Complete 
| 227|0x000000070fd00000, 0x000000070fe00000, 0x000000070fe00000|100%| E|CS|TAMS 0x000000070fd00000, 0x000000070fd00000| Complete 
| 228|0x000000070fe00000, 0x000000070ff00000, 0x000000070ff00000|100%| E|CS|TAMS 0x000000070fe00000, 0x000000070fe00000| Complete 
| 229|0x000000070ff00000, 0x0000000710000000, 0x0000000710000000|100%| E|CS|TAMS 0x000000070ff00000, 0x000000070ff00000| Complete 
| 230|0x0000000710000000, 0x0000000710046420, 0x0000000710100000| 27%| S|CS|TAMS 0x0000000710000000, 0x0000000710000000| Complete 
| 231|0x0000000710100000, 0x0000000710200000, 0x0000000710200000|100%| S|CS|TAMS 0x0000000710100000, 0x0000000710100000| Complete 
| 232|0x0000000710200000, 0x0000000710300000, 0x0000000710300000|100%| S|CS|TAMS 0x0000000710200000, 0x0000000710200000| Complete 
| 233|0x0000000710300000, 0x0000000710400000, 0x0000000710400000|100%| E|CS|TAMS 0x0000000710300000, 0x0000000710300000| Complete 
| 234|0x0000000710400000, 0x0000000710500000, 0x0000000710500000|100%| E|CS|TAMS 0x0000000710400000, 0x0000000710400000| Complete 
| 235|0x0000000710500000, 0x0000000710600000, 0x0000000710600000|100%| E|CS|TAMS 0x0000000710500000, 0x0000000710500000| Complete 
| 236|0x0000000710600000, 0x0000000710700000, 0x0000000710700000|100%| E|CS|TAMS 0x0000000710600000, 0x0000000710600000| Complete 
| 237|0x0000000710700000, 0x0000000710800000, 0x0000000710800000|100%| E|CS|TAMS 0x0000000710700000, 0x0000000710700000| Complete 
| 238|0x0000000710800000, 0x0000000710900000, 0x0000000710900000|100%| E|CS|TAMS 0x0000000710800000, 0x0000000710800000| Complete 
| 239|0x0000000710900000, 0x0000000710a00000, 0x0000000710a00000|100%| E|CS|TAMS 0x0000000710900000, 0x0000000710900000| Complete 
| 240|0x0000000710a00000, 0x0000000710b00000, 0x0000000710b00000|100%| E|CS|TAMS 0x0000000710a00000, 0x0000000710a00000| Complete 
| 241|0x0000000710b00000, 0x0000000710c00000, 0x0000000710c00000|100%| E|CS|TAMS 0x0000000710b00000, 0x0000000710b00000| Complete 
| 242|0x0000000710c00000, 0x0000000710d00000, 0x0000000710d00000|100%| E|CS|TAMS 0x0000000710c00000, 0x0000000710c00000| Complete 
| 243|0x0000000710d00000, 0x0000000710e00000, 0x0000000710e00000|100%| E|CS|TAMS 0x0000000710d00000, 0x0000000710d00000| Complete 
| 244|0x0000000710e00000, 0x0000000710f00000, 0x0000000710f00000|100%| E|CS|TAMS 0x0000000710e00000, 0x0000000710e00000| Complete 
| 245|0x0000000710f00000, 0x0000000711000000, 0x0000000711000000|100%| E|CS|TAMS 0x0000000710f00000, 0x0000000710f00000| Complete 
| 246|0x0000000711000000, 0x0000000711100000, 0x0000000711100000|100%| E|CS|TAMS 0x0000000711000000, 0x0000000711000000| Complete 
| 247|0x0000000711100000, 0x0000000711200000, 0x0000000711200000|100%| E|CS|TAMS 0x0000000711100000, 0x0000000711100000| Complete 
| 248|0x0000000711200000, 0x0000000711300000, 0x0000000711300000|100%| E|CS|TAMS 0x0000000711200000, 0x0000000711200000| Complete 
| 249|0x0000000711300000, 0x0000000711400000, 0x0000000711400000|100%| E|CS|TAMS 0x0000000711300000, 0x0000000711300000| Complete 
| 250|0x0000000711400000, 0x0000000711500000, 0x0000000711500000|100%| E|CS|TAMS 0x0000000711400000, 0x0000000711400000| Complete 
| 251|0x0000000711500000, 0x0000000711600000, 0x0000000711600000|100%| E|CS|TAMS 0x0000000711500000, 0x0000000711500000| Complete 
| 252|0x0000000711600000, 0x0000000711700000, 0x0000000711700000|100%| E|CS|TAMS 0x0000000711600000, 0x0000000711600000| Complete 
| 253|0x0000000711700000, 0x0000000711800000, 0x0000000711800000|100%| E|CS|TAMS 0x0000000711700000, 0x0000000711700000| Complete 
| 254|0x0000000711800000, 0x0000000711900000, 0x0000000711900000|100%| E|CS|TAMS 0x0000000711800000, 0x0000000711800000| Complete 
| 255|0x0000000711900000, 0x0000000711a00000, 0x0000000711a00000|100%| E|CS|TAMS 0x0000000711900000, 0x0000000711900000| Complete 

Card table byte_map: [0x0000028bbeeb0000,0x0000028bbf6b0000] _byte_map_base: 0x0000028bbb6a3000

Marking Bits (Prev, Next): (CMBitMap*) 0x0000028ba6a32a78, (CMBitMap*) 0x0000028ba6a32ab8
 Prev Bits: [0x0000028bbfeb0000, 0x0000028bc3e48000)
 Next Bits: [0x0000028bc3e50000, 0x0000028bc7de8000)

Polling page: 0x0000028ba4940000

Metaspace:

Usage:
  Non-class:      6.78 MB capacity,     6.45 MB ( 95%) used,   296.03 KB (  4%) free+waste,    49.25 KB ( <1%) overhead. 
      Class:      1.08 MB capacity,   885.01 KB ( 80%) used,   197.62 KB ( 18%) free+waste,    25.38 KB (  2%) overhead. 
       Both:      7.87 MB capacity,     7.31 MB ( 93%) used,   493.65 KB (  6%) free+waste,    74.63 KB ( <1%) overhead. 

Virtual space:
  Non-class space:        8.00 MB reserved,       7.00 MB ( 88%) committed 
      Class space:        1.00 GB reserved,       1.13 MB ( <1%) committed 
             Both:        1.01 GB reserved,       8.13 MB ( <1%) committed 

Chunk freelists:
   Non-Class:  29.00 KB
       Class:  12.00 KB
        Both:  41.00 KB

MaxMetaspaceSize: 17179869184.00 GB
CompressedClassSpaceSize: 1.00 GB

CodeHeap 'non-profiled nmethods': size=120000Kb used=665Kb max_used=665Kb free=119335Kb
 bounds [0x0000028bb6c30000, 0x0000028bb6ea0000, 0x0000028bbe160000]
CodeHeap 'profiled nmethods': size=120000Kb used=3431Kb max_used=3431Kb free=116568Kb
 bounds [0x0000028baf700000, 0x0000028bafa60000, 0x0000028bb6c30000]
CodeHeap 'non-nmethods': size=5760Kb used=1266Kb max_used=1295Kb free=4493Kb
 bounds [0x0000028baf160000, 0x0000028baf3d0000, 0x0000028baf700000]
 total_blobs=2665 nmethods=1576 adapters=343
 compilation: enabled
              stopped_count=0, restarted_count=0
 full_count=0

Compilation events (20 events):
Event: 0.846 Thread 0x0000028bcb466800 nmethod 1566 0x0000028bafa4b810 code [0x0000028bafa4bae0, 0x0000028bafa4c868]
Event: 0.846 Thread 0x0000028bcb466800 1567       3       java.lang.invoke.MethodHandles$Lookup::getDirectMethodForConstant (72 bytes)
Event: 0.847 Thread 0x0000028bcb45d800 nmethod 1558 0x0000028bb6cd5190 code [0x0000028bb6cd53a0, 0x0000028bb6cd5ad8]
Event: 0.847 Thread 0x0000028bcb466800 nmethod 1567 0x0000028bafa4cd10 code [0x0000028bafa4d0a0, 0x0000028bafa4e7a8]
Event: 0.847 Thread 0x0000028bcb466800 1568   !   3       java.lang.invoke.MethodHandles$Lookup::canBeCached (150 bytes)
Event: 0.850 Thread 0x0000028bcb466800 nmethod 1568 0x0000028bafa4f010 code [0x0000028bafa4f440, 0x0000028bafa51808]
Event: 0.850 Thread 0x0000028bcb466800 1569       3       jdk.internal.org.objectweb.asm.ClassWriter::toByteArray (1332 bytes)
Event: 0.854 Thread 0x0000028bcb466800 nmethod 1569 0x0000028bafa52390 code [0x0000028bafa52c00, 0x0000028bafa562a8]
Event: 0.854 Thread 0x0000028bcb466800 1570       3       jdk.internal.org.objectweb.asm.SymbolTable::computeBootstrapMethodsSize (27 bytes)
Event: 0.854 Thread 0x0000028bcb466800 nmethod 1570 0x0000028bafa58010 code [0x0000028bafa581c0, 0x0000028bafa58388]
Event: 0.854 Thread 0x0000028bcb466800 1571       3       jdk.internal.org.objectweb.asm.SymbolTable::getConstantPoolLength (8 bytes)
Event: 0.854 Thread 0x0000028bcb466800 nmethod 1571 0x0000028bafa58490 code [0x0000028bafa58620, 0x0000028bafa58758]
Event: 0.855 Thread 0x0000028bcb466800 1572       3       jdk.internal.org.objectweb.asm.ByteVector::<init> (12 bytes)
Event: 0.855 Thread 0x0000028bcb466800 nmethod 1572 0x0000028bafa58810 code [0x0000028bafa589c0, 0x0000028bafa58c58]
Event: 0.855 Thread 0x0000028bcb466800 1573       3       jdk.internal.org.objectweb.asm.SymbolTable::putConstantPool (28 bytes)
Event: 0.855 Thread 0x0000028bcb466800 nmethod 1573 0x0000028bafa58d10 code [0x0000028bafa58ec0, 0x0000028bafa590b8]
Event: 0.859 Thread 0x0000028bcb466800 1575       3       jdk.internal.misc.Unsafe::getLong (7 bytes)
Event: 0.859 Thread 0x0000028bcb466800 nmethod 1575 0x0000028bafa59210 code [0x0000028bafa593a0, 0x0000028bafa594d8]
Event: 29.165 Thread 0x0000028bcb466800 1576       3       java.util.ArrayList$Itr::next (66 bytes)
Event: 29.165 Thread 0x0000028bcb466800 nmethod 1576 0x0000028bafa59590 code [0x0000028bafa597a0, 0x0000028bafa59bc8]

GC Heap History (2 events):
Event: 0.551 GC heap before
{Heap before GC invocations=0 (full 0):
 garbage-first heap   total 262144K, used 22528K [0x0000000701a00000, 0x0000000800000000)
  region size 1024K, 23 young (23552K), 0 survivors (0K)
 Metaspace       used 4207K, capacity 5287K, committed 5504K, reserved 1056768K
  class space    used 418K, capacity 545K, committed 640K, reserved 1048576K
}
Event: 0.554 GC heap after
{Heap after GC invocations=1 (full 0):
 garbage-first heap   total 262144K, used 2329K [0x0000000701a00000, 0x0000000800000000)
  region size 1024K, 3 young (3072K), 3 survivors (3072K)
 Metaspace       used 4207K, capacity 5287K, committed 5504K, reserved 1056768K
  class space    used 418K, capacity 545K, committed 640K, reserved 1048576K
}

Deoptimization events (20 events):
Event: 0.718 Thread 0x0000028ba69ca000 DEOPT PACKING pc=0x0000028bb6cb4fe8 sp=0x000000edf03fdd20
Event: 0.718 Thread 0x0000028ba69ca000 DEOPT UNPACKING pc=0x0000028baf1a912f sp=0x000000edf03fdc98 mode 2
Event: 0.725 Thread 0x0000028ba69ca000 Uncommon trap: trap_request=0xffffff45 fr.pc=0x0000028bb6ca9b4c relative=0x000000000000018c
Event: 0.725 Thread 0x0000028ba69ca000 Uncommon trap: reason=unstable_if action=reinterpret pc=0x0000028bb6ca9b4c method=org.eclipse.jdt.launching.internal.org.objectweb.asm.ByteVector.putShort(I)Lorg/eclipse/jdt/launching/internal/org/objectweb/asm/ByteVector; @ 13 c2
Event: 0.725 Thread 0x0000028ba69ca000 DEOPT PACKING pc=0x0000028bb6ca9b4c sp=0x000000edf03f9790
Event: 0.726 Thread 0x0000028ba69ca000 DEOPT UNPACKING pc=0x0000028baf1a912f sp=0x000000edf03f9728 mode 2
Event: 0.735 Thread 0x0000028ba69ca000 Uncommon trap: trap_request=0xffffffde fr.pc=0x0000028bb6cb4fe8 relative=0x0000000000001748
Event: 0.735 Thread 0x0000028ba69ca000 Uncommon trap: reason=class_check action=maybe_recompile pc=0x0000028bb6cb4fe8 method=java.util.HashMap.putVal(ILjava/lang/Object;Ljava/lang/Object;ZZ)Ljava/lang/Object; @ 253 c2
Event: 0.735 Thread 0x0000028ba69ca000 DEOPT PACKING pc=0x0000028bb6cb4fe8 sp=0x000000edf03fd300
Event: 0.735 Thread 0x0000028ba69ca000 DEOPT UNPACKING pc=0x0000028baf1a912f sp=0x000000edf03fd278 mode 2
Event: 0.736 Thread 0x0000028ba69ca000 Uncommon trap: trap_request=0xffffffde fr.pc=0x0000028bb6cb4fe8 relative=0x0000000000001748
Event: 0.736 Thread 0x0000028ba69ca000 Uncommon trap: reason=class_check action=maybe_recompile pc=0x0000028bb6cb4fe8 method=java.util.HashMap.putVal(ILjava/lang/Object;Ljava/lang/Object;ZZ)Ljava/lang/Object; @ 253 c2
Event: 0.736 Thread 0x0000028ba69ca000 DEOPT PACKING pc=0x0000028bb6cb4fe8 sp=0x000000edf03fd160
Event: 0.736 Thread 0x0000028ba69ca000 DEOPT UNPACKING pc=0x0000028baf1a912f sp=0x000000edf03fd0d8 mode 2
Event: 0.740 Thread 0x0000028ba69ca000 Uncommon trap: trap_request=0xffffffde fr.pc=0x0000028bb6cb4fe8 relative=0x0000000000001748
Event: 0.740 Thread 0x0000028ba69ca000 Uncommon trap: reason=class_check action=maybe_recompile pc=0x0000028bb6cb4fe8 method=java.util.HashMap.putVal(ILjava/lang/Object;Ljava/lang/Object;ZZ)Ljava/lang/Object; @ 253 c2
Event: 0.740 Thread 0x0000028ba69ca000 DEOPT PACKING pc=0x0000028bb6cb4fe8 sp=0x000000edf03fd460
Event: 0.740 Thread 0x0000028ba69ca000 DEOPT UNPACKING pc=0x0000028baf1a912f sp=0x000000edf03fd3d8 mode 2
Event: 0.782 Thread 0x0000028ba69ca000 DEOPT PACKING pc=0x0000028baf9376eb sp=0x000000edf03f8260
Event: 0.782 Thread 0x0000028ba69ca000 DEOPT UNPACKING pc=0x0000028baf1a964e sp=0x000000edf03f77a8 mode 0

Classes unloaded (0 events):
No events

Classes redefined (2 events):
Event: 52.303 Thread 0x0000028bcab96000 redefined class name=dev.cheulsoon.jwikicore.parser.WikiParser, count=1
Event: 64.830 Thread 0x0000028bcab96000 redefined class name=dev.cheulsoon.jwikicore.parser.WikiParser, count=2

Internal exceptions (20 events):
Event: 0.608 Thread 0x0000028ba69ca000 Exception <a 'java/lang/NoSuchMethodError'{0x0000000711680b68}: 'int java.lang.invoke.DirectMethodHandle$Holder.invokeVirtual(java.lang.Object, java.lang.Object)'> (0x0000000711680b68) 
thrown [./open/src/hotspot/share/interpreter/linkResolver.cpp, line 766]
Event: 0.622 Thread 0x0000028ba69ca000 Exception <a 'java/lang/NoSuchMethodError'{0x000000071159a980}: 'java.lang.Object java.lang.invoke.DirectMethodHandle$Holder.invokeStaticInit(java.lang.Object, int)'> (0x000000071159a980) 
thrown [./open/src/hotspot/share/interpreter/linkResolver.cpp, line 766]
Event: 0.671 Thread 0x0000028ba69ca000 Exception <a 'java/lang/IncompatibleClassChangeError'{0x0000000710f17fb0}: Found class java.lang.Object, but interface was expected> (0x0000000710f17fb0) 
thrown [./open/src/hotspot/share/interpreter/linkResolver.cpp, line 832]
Event: 0.687 Thread 0x0000028ba69ca000 Exception <a 'java/lang/NoSuchMethodError'{0x0000000710ef6828}: 'int java.lang.invoke.DirectMethodHandle$Holder.invokeSpecialIFC(java.lang.Object, java.lang.Object, java.lang.Object, java.lang.Object)'> (0x0000000710ef6828) 
thrown [./open/src/hotspot/share/interpreter/linkResolver.cpp, line 766]
Event: 0.696 Thread 0x0000028ba69ca000 Exception <a 'java/lang/NoSuchMethodError'{0x0000000710dad490}: 'void java.lang.invoke.DirectMethodHandle$Holder.invokeInterface(java.lang.Object, java.lang.Object)'> (0x0000000710dad490) 
thrown [./open/src/hotspot/share/interpreter/linkResolver.cpp, line 766]
Event: 0.696 Thread 0x0000028ba69ca000 Exception <a 'java/lang/IncompatibleClassChangeError'{0x0000000710daffb8}: Found class java.lang.Object, but interface was expected> (0x0000000710daffb8) 
thrown [./open/src/hotspot/share/interpreter/linkResolver.cpp, line 832]
Event: 0.703 Thread 0x0000028ba69ca000 Exception <a 'java/lang/NoSuchMethodError'{0x0000000710c175d0}: 'java.lang.Object java.lang.invoke.Invokers$Holder.linkToTargetMethod(java.lang.Object, java.lang.Object, java.lang.Object, java.lang.Object, java.lang.Object, java.lang.Object)'> (0x0000000710c175d0) 
thrown [./open/src/hotspot/share/interpreter/linkResolver.cpp, line 766]
Event: 0.743 Thread 0x0000028ba69ca000 Exception <a 'java/lang/NoSuchMethodError'{0x00000007109540e8}: 'java.lang.Object java.lang.invoke.DirectMethodHandle$Holder.invokeSpecialIFC(java.lang.Object, java.lang.Object, java.lang.Object, java.lang.Object)'> (0x00000007109540e8) 
thrown [./open/src/hotspot/share/interpreter/linkResolver.cpp, line 766]
Event: 0.750 Thread 0x0000028ba69ca000 Exception <a 'java/lang/NoSuchMethodError'{0x0000000710834048}: 'void java.lang.invoke.DirectMethodHandle$Holder.invokeInterface(java.lang.Object, java.lang.Object, java.lang.Object, java.lang.Object, java.lang.Object)'> (0x0000000710834048) 
thrown [./open/src/hotspot/share/interpreter/linkResolver.cpp, line 766]
Event: 0.750 Thread 0x0000028ba69ca000 Exception <a 'java/lang/IncompatibleClassChangeError'{0x0000000710836df8}: Found class java.lang.Object, but interface was expected> (0x0000000710836df8) 
thrown [./open/src/hotspot/share/interpreter/linkResolver.cpp, line 832]
Event: 0.770 Thread 0x0000028ba69ca000 Exception <a 'java/lang/NoSuchMethodError'{0x0000000710722b40}: 'java.lang.Object java.lang.invoke.DirectMethodHandle$Holder.invokeVirtual(java.lang.Object, java.lang.Object, java.lang.Object)'> (0x0000000710722b40) 
thrown [./open/src/hotspot/share/interpreter/linkResolver.cpp, line 766]
Event: 0.776 Thread 0x0000028ba69ca000 Exception <a 'java/lang/NoSuchMethodError'{0x00000007107a1e90}: 'void java.lang.invoke.DirectMethodHandle$Holder.invokeInterface(java.lang.Object, java.lang.Object, java.lang.Object, java.lang.Object)'> (0x00000007107a1e90) 
thrown [./open/src/hotspot/share/interpreter/linkResolver.cpp, line 766]
Event: 0.776 Thread 0x0000028ba69ca000 Exception <a 'java/lang/IncompatibleClassChangeError'{0x00000007107a48b8}: Found class java.lang.Object, but interface was expected> (0x00000007107a48b8) 
thrown [./open/src/hotspot/share/interpreter/linkResolver.cpp, line 832]
Event: 0.790 Thread 0x0000028ba69ca000 Exception <a 'java/lang/NoSuchMethodError'{0x000000071050f000}: 'java.lang.Object java.lang.invoke.Invokers$Holder.invokeExact_MT(java.lang.Object, java.lang.Object, java.lang.Object, java.lang.Object, java.lang.Object, java.lang.Object)'> (0x000000071050f000) 
thrown [./open/src/hotspot/share/interpreter/linkResolver.cpp, line 766]
Event: 0.802 Thread 0x0000028ba69ca000 Exception <a 'java/lang/NoSuchMethodError'{0x00000007104731e0}: 'void java.lang.invoke.DirectMethodHandle$Holder.invokeSpecial(java.lang.Object, java.lang.Object)'> (0x00000007104731e0) 
thrown [./open/src/hotspot/share/interpreter/linkResolver.cpp, line 766]
Event: 0.814 Thread 0x0000028ba69ca000 Exception <a 'java/lang/NoSuchMethodError'{0x000000070ff16aa0}: 'int java.lang.invoke.DirectMethodHandle$Holder.invokeStaticInit(java.lang.Object, java.lang.Object, java.lang.Object)'> (0x000000070ff16aa0) 
thrown [./open/src/hotspot/share/interpreter/linkResolver.cpp, line 766]
Event: 0.829 Thread 0x0000028ba69ca000 Exception <a 'java/lang/NoSuchMethodError'{0x000000070fe05998}: 'int java.lang.invoke.DirectMethodHandle$Holder.invokeStaticInit(java.lang.Object, java.lang.Object)'> (0x000000070fe05998) 
thrown [./open/src/hotspot/share/interpreter/linkResolver.cpp, line 766]
Event: 0.836 Thread 0x0000028ba69ca000 Exception <a 'java/lang/NoSuchMethodError'{0x000000070fe73810}: 'java.lang.Object java.lang.invoke.DirectMethodHandle$Holder.invokeInterface(java.lang.Object, java.lang.Object, java.lang.Object, java.lang.Object, java.lang.Object)'> (0x000000070fe73810) 
thrown [./open/src/hotspot/share/interpreter/linkResolver.cpp, line 766]
Event: 0.836 Thread 0x0000028ba69ca000 Exception <a 'java/lang/IncompatibleClassChangeError'{0x000000070fe76b18}: Found class java.lang.Object, but interface was expected> (0x000000070fe76b18) 
thrown [./open/src/hotspot/share/interpreter/linkResolver.cpp, line 832]
Event: 65.087 Thread 0x0000028bcbbeb000 Exception <a 'java/lang/LinkageError'{0x000000070fc11668}> (0x000000070fc11668) 
thrown [./open/src/hotspot/share/oops/generateOopMap.cpp, line 2140]

Events (20 events):
Event: 64.863 Executing VM operation: GetFrameCount
Event: 64.863 Executing VM operation: GetFrameCount done
Event: 64.863 Executing VM operation: GetStackTrace
Event: 64.863 Executing VM operation: GetStackTrace done
Event: 64.864 Executing VM operation: GetFrameCount
Event: 64.864 Executing VM operation: GetFrameCount done
Event: 64.864 Executing VM operation: GetOwnedMonitorInfo
Event: 64.864 Executing VM operation: GetOwnedMonitorInfo done
Event: 64.865 Executing VM operation: GetCurrentContendedMonitor
Event: 64.865 Executing VM operation: GetCurrentContendedMonitor done
Event: 64.865 Executing VM operation: GetOwnedMonitorInfo
Event: 64.865 Executing VM operation: GetOwnedMonitorInfo done
Event: 64.865 Executing VM operation: GetCurrentContendedMonitor
Event: 64.865 Executing VM operation: GetCurrentContendedMonitor done
Event: 64.866 Executing VM operation: GetCurrentContendedMonitor
Event: 64.866 Executing VM operation: GetCurrentContendedMonitor done
Event: 64.866 Executing VM operation: GetOwnedMonitorInfo
Event: 64.866 Executing VM operation: GetOwnedMonitorInfo done
Event: 65.087 Executing VM operation: GetFrameLocation
Event: 65.087 Executing VM operation: GetFrameLocation done


Dynamic libraries:
0x00007ff799bc0000 - 0x00007ff799bcf000 	C:\Program Files\Java\jdk-14.0.1\bin\javaw.exe
0x00007ff9114e0000 - 0x00007ff9116d0000 	C:\Windows\SYSTEM32\ntdll.dll
0x00007ff901490000 - 0x00007ff9014a3000 	C:\Program Files\AVAST Software\Avast\aswhook.dll
0x00007ff90fb90000 - 0x00007ff90fc42000 	C:\Windows\System32\KERNEL32.DLL
0x00007ff90e470000 - 0x00007ff90e714000 	C:\Windows\System32\KERNELBASE.dll
0x00007ff90efa0000 - 0x00007ff90f09a000 	C:\Windows\System32\ucrtbase.dll
0x00007ff90c500000 - 0x00007ff90c518000 	C:\Program Files\Java\jdk-14.0.1\bin\jli.dll
0x00007ff90f5c0000 - 0x00007ff90f663000 	C:\Windows\System32\ADVAPI32.dll
0x00007ff90fc50000 - 0x00007ff90fcee000 	C:\Windows\System32\msvcrt.dll
0x00007ff90fa20000 - 0x00007ff90fab7000 	C:\Windows\System32\sechost.dll
0x00007ff910580000 - 0x00007ff9106a0000 	C:\Windows\System32\RPCRT4.dll
0x00007ff911300000 - 0x00007ff911494000 	C:\Windows\System32\USER32.dll
0x00007ff90ef50000 - 0x00007ff90ef71000 	C:\Windows\System32\win32u.dll
0x00007ff90f590000 - 0x00007ff90f5b6000 	C:\Windows\System32\GDI32.dll
0x00007ff90f2a0000 - 0x00007ff90f435000 	C:\Windows\System32\gdi32full.dll
0x00007ff90f0a0000 - 0x00007ff90f13e000 	C:\Windows\System32\msvcp_win.dll
0x00007ff909ae0000 - 0x00007ff909af5000 	C:\Program Files\Java\jdk-14.0.1\bin\VCRUNTIME140.dll
0x00007ff8f8120000 - 0x00007ff8f83a4000 	C:\Windows\WinSxS\amd64_microsoft.windows.common-controls_6595b64144ccf1df_6.0.18362.900_none_e6beb9d913147d17\COMCTL32.dll
0x00007ff90f670000 - 0x00007ff90f9a5000 	C:\Windows\System32\combase.dll
0x00007ff90f140000 - 0x00007ff90f1c0000 	C:\Windows\System32\bcryptPrimitives.dll
0x00007ff9052f0000 - 0x00007ff9052fa000 	C:\Windows\SYSTEM32\VERSION.dll
0x00007ff910230000 - 0x00007ff91025e000 	C:\Windows\System32\IMM32.DLL
0x00007ff8ed6c0000 - 0x00007ff8ed75b000 	C:\Program Files\Java\jdk-14.0.1\bin\msvcp140.dll
0x00007ff88cec0000 - 0x00007ff88d9de000 	C:\Program Files\Java\jdk-14.0.1\bin\server\jvm.dll
0x00007ff910380000 - 0x00007ff910388000 	C:\Windows\System32\PSAPI.DLL
0x00007ff8fcb70000 - 0x00007ff8fcb79000 	C:\Windows\SYSTEM32\WSOCK32.dll
0x00007ff9101c0000 - 0x00007ff91022f000 	C:\Windows\System32\WS2_32.dll
0x00007ff9099f0000 - 0x00007ff909a14000 	C:\Windows\SYSTEM32\WINMM.dll
0x00007ff909960000 - 0x00007ff90998d000 	C:\Windows\SYSTEM32\WINMMBASE.dll
0x00007ff90f1c0000 - 0x00007ff90f20a000 	C:\Windows\System32\cfgmgr32.dll
0x00007ff90e400000 - 0x00007ff90e411000 	C:\Windows\System32\kernel.appcore.dll
0x00007ff906f80000 - 0x00007ff906f8a000 	C:\Program Files\Java\jdk-14.0.1\bin\jimage.dll
0x00007ff901a30000 - 0x00007ff901c24000 	C:\Windows\SYSTEM32\DBGHELP.DLL
0x00007ff9025c0000 - 0x00007ff9025ea000 	C:\Windows\SYSTEM32\dbgcore.DLL
0x00007ff902c10000 - 0x00007ff902c48000 	C:\Program Files\Java\jdk-14.0.1\bin\jdwp.dll
0x00007ff900a60000 - 0x00007ff900a85000 	C:\Program Files\Java\jdk-14.0.1\bin\java.dll
0x00007ff909d30000 - 0x00007ff909d3e000 	C:\Program Files\Java\jdk-14.0.1\bin\instrument.dll
0x00007ff9019f0000 - 0x00007ff901a06000 	C:\Program Files\Java\jdk-14.0.1\bin\zip.dll
0x00007ff910bb0000 - 0x00007ff911296000 	C:\Windows\System32\SHELL32.dll
0x00007ff9102d0000 - 0x00007ff910379000 	C:\Windows\System32\shcore.dll
0x00007ff90e7d0000 - 0x00007ff90ef50000 	C:\Windows\System32\windows.storage.dll
0x00007ff90e440000 - 0x00007ff90e463000 	C:\Windows\System32\profapi.dll
0x00007ff90e3b0000 - 0x00007ff90e3fa000 	C:\Windows\System32\powrprof.dll
0x00007ff90e3a0000 - 0x00007ff90e3b0000 	C:\Windows\System32\UMPDC.dll
0x00007ff910160000 - 0x00007ff9101b2000 	C:\Windows\System32\shlwapi.dll
0x00007ff90ef80000 - 0x00007ff90ef97000 	C:\Windows\System32\cryptsp.dll
0x00007ff8f91c0000 - 0x00007ff8f91d9000 	C:\Program Files\Java\jdk-14.0.1\bin\net.dll
0x00007ff905500000 - 0x00007ff9055f0000 	C:\Windows\SYSTEM32\WINHTTP.dll
0x00007ff90dc10000 - 0x00007ff90dc77000 	C:\Windows\system32\mswsock.dll
0x00007ff8f90c0000 - 0x00007ff8f90d2000 	C:\Program Files\Java\jdk-14.0.1\bin\nio.dll
0x00007ff906f50000 - 0x00007ff906f5b000 	C:\Program Files\Java\jdk-14.0.1\bin\dt_socket.dll
0x00007ff90d920000 - 0x00007ff90d95a000 	C:\Windows\SYSTEM32\IPHLPAPI.DLL
0x00007ff90d960000 - 0x00007ff90da2b000 	C:\Windows\SYSTEM32\DNSAPI.dll
0x00007ff910390000 - 0x00007ff910398000 	C:\Windows\System32\NSI.dll
0x00007ff9082f0000 - 0x00007ff9082fa000 	C:\Windows\System32\rasadhlp.dll
0x00007ff907860000 - 0x00007ff9078d7000 	C:\Windows\System32\fwpuclnt.dll
0x00007ff90f210000 - 0x00007ff90f236000 	C:\Windows\System32\bcrypt.dll
0x00007ff901210000 - 0x00007ff901220000 	C:\Program Files\Java\jdk-14.0.1\bin\verify.dll
0x00007ff9087a0000 - 0x00007ff9087b6000 	C:\Windows\SYSTEM32\dhcpcsvc6.DLL
0x00007ff908780000 - 0x00007ff90879c000 	C:\Windows\SYSTEM32\dhcpcsvc.DLL

dbghelp: loaded successfully - version: 4.0.5 - missing functions: none
symbol engine: initialized successfully - sym options: 0x614 - pdb path: .;C:\Program Files\Java\jdk-14.0.1\bin;C:\Windows\SYSTEM32;C:\Program Files\AVAST Software\Avast;C:\Windows\WinSxS\amd64_microsoft.windows.common-controls_6595b64144ccf1df_6.0.18362.900_none_e6beb9d913147d17;C:\Program Files\Java\jdk-14.0.1\bin\server

VM Arguments:
jvm_args: -agentlib:jdwp=transport=dt_socket,suspend=y,address=localhost:52506 -ea --add-opens=JWikiCore/dev.cheulsoon.jwikicore.test=org.junit.platform.commons,ALL-UNNAMED -javaagent:C:\Users\qorcj\eclipse\java-2020-06\eclipse\configuration\org.eclipse.osgi\222\0\.cp\lib\javaagent-shaded.jar --add-modules=ALL-MODULE-PATH -Dfile.encoding=MS949 --module-path=C:\Users\qorcj\eclipse-workspace\JWikiCore\bin;C:\Users\qorcj\.p2\pool\plugins\org.junit.jupiter.api_5.6.0.v20200203-2009.jar;C:\Users\qorcj\.p2\pool\plugins\org.junit.jupiter.engine_5.6.0.v20200203-2009.jar;C:\Users\qorcj\.p2\pool\plugins\org.junit.jupiter.migrationsupport_5.6.0.v20200203-2009.jar;C:\Users\qorcj\.p2\pool\plugins\org.junit.jupiter.params_5.6.0.v20200203-2009.jar;C:\Users\qorcj\.p2\pool\plugins\org.junit.platform.commons_1.6.0.v20200203-2009.jar;C:\Users\qorcj\.p2\pool\plugins\org.junit.platform.engine_1.6.0.v20200203-2009.jar;C:\Users\qorcj\.p2\pool\plugins\org.junit.platform.launcher_1.6.0.v20200203-2009.jar;C:\Users\qorcj\.p2\pool\plugins\org.junit.platform.runner_1.6.0.v20200203-2009.jar;C:\Users\qorcj\.p2\pool\plugins\org.junit.platform.suite.api_1.6.0.v20200203-2009.jar;C:\Users\qorcj\.p2\pool\plugins\org.junit.vintage.engine_5.6.0.v20200203-2009.jar;C:\Users\qorcj\.p2\pool\plugins\org.opentest4j_1.2.0.v20190826-0900.jar;C:\Users\qorcj\.p2\pool\plugins\org.apiguardian_1.1.0.v20190826-0900.jar;C:\Users\qorcj\.p2\pool\plugins\org.junit_4.13.0.v20200204-1500.jar;C:\Users\qorcj\.p2\pool\plugins\org.hamcrest.core_1.3.0.v20180420-1519.jar 
java_command: org.eclipse.jdt.internal.junit.runner.RemoteTestRunner -version 3 -port 52505 -testLoaderClass org.eclipse.jdt.internal.junit5.runner.JUnit5TestLoader -loaderpluginname org.eclipse.jdt.junit5.runtime -test dev.cheulsoon.jwikicore.test.WikiTest:testRenderer
java_class_path (initial): C:\Users\qorcj\eclipse\java-2020-06\eclipse\configuration\org.eclipse.osgi\221\0\.cp;C:\Users\qorcj\eclipse\java-2020-06\eclipse\configuration\org.eclipse.osgi\219\0\.cp;C:\Users\qorcj\eclipse\java-2020-06\eclipse\configuration\org.eclipse.osgi\433\0\.cp
Launcher Type: SUN_STANDARD

[Global flags]
     intx CICompilerCount                          = 4                                         {product} {ergonomic}
     uint ConcGCThreads                            = 3                                         {product} {ergonomic}
     uint G1ConcRefinementThreads                  = 10                                        {product} {ergonomic}
   size_t G1HeapRegionSize                         = 1048576                                   {product} {ergonomic}
    uintx GCDrainStackTargetSize                   = 64                                        {product} {ergonomic}
   size_t InitialHeapSize                          = 268435456                                 {product} {ergonomic}
   size_t MarkStackSize                            = 4194304                                   {product} {ergonomic}
   size_t MaxHeapSize                              = 4267704320                                {product} {ergonomic}
   size_t MaxNewSize                               = 2560622592                                {product} {ergonomic}
   size_t MinHeapDeltaBytes                        = 1048576                                   {product} {ergonomic}
   size_t MinHeapSize                              = 8388608                                   {product} {ergonomic}
    uintx NonNMethodCodeHeapSize                   = 5839372                                {pd product} {ergonomic}
    uintx NonProfiledCodeHeapSize                  = 122909434                              {pd product} {ergonomic}
    uintx ProfiledCodeHeapSize                     = 122909434                              {pd product} {ergonomic}
    uintx ReservedCodeCacheSize                    = 251658240                              {pd product} {ergonomic}
     bool SegmentedCodeCache                       = true                                      {product} {ergonomic}
   size_t SoftMaxHeapSize                          = 4267704320                             {manageable} {ergonomic}
     bool UseCompressedClassPointers               = true                                 {lp64_product} {ergonomic}
     bool UseCompressedOops                        = true                                 {lp64_product} {ergonomic}
     bool UseG1GC                                  = true                                      {product} {ergonomic}
     bool UseLargePagesIndividualAllocation        = false                                  {pd product} {ergonomic}

Logging:
Log output configuration:
 #0: stdout all=warning uptime,level,tags
 #1: stderr all=off uptime,level,tags

Environment Variables:
PATH=C:/Program Files/Java/jdk-14.0.1/bin/server;C:/Program Files/Java/jdk-14.0.1/bin;C:\Program Files (x86)\Parallels\Parallels Tools\Applications;C:\ProgramData\DockerDesktop\version-bin;C:\Program Files\Docker\Docker\Resources\bin;C:\Windows\system32;C:\Windows;C:\Windows\System32\Wbem;C:\Windows\System32\WindowsPowerShell\v1.0\;C:\Windows\System32\OpenSSH\;C:\Program Files\Git\cmd;C:\Users\qorcj\AppData\Local\Microsoft\WindowsApps;;C:\Users\qorcj\AppData\Local\Programs\Microsoft VS Code\bin;C:\Program Files\Bandizip\;C:\Windows\system32;
USERNAME=qorcj
OS=Windows_NT
PROCESSOR_IDENTIFIER=Intel64 Family 6 Model 158 Stepping 10, GenuineIntel



---------------  S Y S T E M  ---------------

OS: Windows 10 , 64 bit Build 18362 (10.0.18362.900)
OS uptime: 0 days 6:31 hours

CPU:total 12 (initial active 12) (6 cores per cpu, 2 threads per core) family 6 model 158 stepping 10, cmov, cx8, fxsr, mmx, sse, sse2, sse3, ssse3, sse4.1, sse4.2, popcnt, avx, avx2, aes, clmul, erms, 3dnowpref, lzcnt, ht, tsc, tscinvbit, bmi1, bmi2, adx, fma

Memory: 4k page, system-wide physical 16276M (8660M free)
TotalPageFile size 23700M (AvailPageFile size 11959M)
current process WorkingSet (physical memory assigned to process): 80M, peak: 91M
current process commit charge ("private bytes"): 366M, peak: 374M

vm_info: Java HotSpot(TM) 64-Bit Server VM (14.0.1+7) for windows-amd64 JRE (14.0.1+7), built on Mar  5 2020 10:30:14 by "mach5one" with MS VC++ 15.9 (VS2017)

END.
